<?xml version="1.0" encoding="UTF-8"?>
<!-- Generated by org.testng.reporters.JUnitReportReporter -->
<testsuite hostname="BTTWIN10-VM-175" failures="0" tests="2" name="com.crm.qa.testcases.LoginPageTest" time="11.333" errors="0" timestamp="06 Feb 2021 14:04:33 GMT" skipped="0">
  <testcase classname="com.crm.qa.testcases.LoginPageTest" name="loginPageTitleTest" time="5.060"/>
  <testcase classname="com.crm.qa.testcases.LoginPageTest" name="loginTest" time="6.273"/>
</testsuite> <!-- com.crm.qa.testcases.LoginPageTest -->
