<?xml version="1.0" encoding="UTF-8"?>
<!-- Generated by org.testng.reporters.JUnitReportReporter -->
<testsuite hostname="BTTWIN10-VM-175" failures="0" tests="2" name="com.crm.qa.testcases.LoginPageTest" time="12.116" errors="0" timestamp="02 Feb 2021 19:14:29 GMT" skipped="0">
  <testcase classname="com.crm.qa.testcases.LoginPageTest" name="loginPageTitleTest" time="4.604"/>
  <testcase classname="com.crm.qa.testcases.LoginPageTest" name="loginTest" time="7.512"/>
</testsuite> <!-- com.crm.qa.testcases.LoginPageTest -->
