<?xml version="1.0" encoding="UTF-8"?>
<!-- Generated by org.testng.reporters.JUnitReportReporter -->
<testsuite hostname="BTTWIN10-VM-175" failures="0" tests="2" name="com.crm.qa.testcases.HomePageTest" time="14.442" errors="0" timestamp="03 Feb 2021 19:59:36 GMT" skipped="0">
  <testcase classname="com.crm.qa.testcases.HomePageTest" name="verifyHomePageTitleTest" time="7.167"/>
  <testcase classname="com.crm.qa.testcases.HomePageTest" name="verifyUserNameTest" time="7.275"/>
</testsuite> <!-- com.crm.qa.testcases.HomePageTest -->
